


Starting migrations...
======================
> Network name:    'rinkeby'
> Network id:      4
> Block gas limit: 0x989680


1_initial_migration.js
======================

   Deploying 'Migrations'
   ----------------------
   > transaction hash:    0xfc3e94b658977637d107dc0e00c62e1a253f18a44d28f1e16cca5807115577e4
   > Blocks: 0            Seconds: 4
   > contract address:    0x24B3c1c0C64F672850297c0A036ad183Ac2E31e5
   > block number:        5980823
   > block timestamp:     1581852686
   > account:             0x21Ea9AAb7b5d74d60919A2B5380ED0349a703445
   > balance:             2.84733432
   > gas used:            225237
   > gas price:           20 gwei
   > value sent:          0 ETH
   > total cost:          0.00450474 ETH


   > Saving migration to chain.
   > Saving artifacts
   -------------------------------------
   > Total cost:          0.00450474 ETH


2_deploy_testnft.js
===================

   Deploying 'TestNFT'
   -------------------
   > transaction hash:    0x106890a2e6dc5e23bfebbf6b3c63381470ce108b34768bda9063f60e178166ff
   > Blocks: 0            Seconds: 12
   > contract address:    0x5c1031043D5e0bb5f8602A99362C32Eea0c3F7A6
   > block number:        5980825
   > block timestamp:     1581852716
   > account:             0x21Ea9AAb7b5d74d60919A2B5380ED0349a703445
   > balance:             2.7884451
   > gas used:            2902098
   > gas price:           20 gwei
   > value sent:          0 ETH
   > total cost:          0.05804196 ETH


   > Saving migration to chain.
   > Saving artifacts
   -------------------------------------
   > Total cost:          0.05804196 ETH


Summary
=======
> Total deployments:   2
> Final cost:          0.0625467 ETH

