
Starting migrations...
======================
> Network name:    'rinkeby'
> Network id:      4
> Block gas limit: 0x989680


1_initial_migration.js
======================

   Deploying 'Migrations'
   ----------------------
   > transaction hash:    0x8abb80e1f93a9eb07bcd21e81189e9c2d945eef43479956940b85332702ef59c
   > Blocks: 0            Seconds: 4
   > contract address:    0x1912A0d3C622C697c27143174f88F4B7C3fC4289
   > block number:        5980834
   > block timestamp:     1581852851
   > account:             0x21Ea9AAb7b5d74d60919A2B5380ED0349a703445
   > balance:             2.7833931
   > gas used:            225237
   > gas price:           20 gwei
   > value sent:          0 ETH
   > total cost:          0.00450474 ETH


   > Saving migration to chain.
   > Saving artifacts
   -------------------------------------
   > Total cost:          0.00450474 ETH


2_deploy_testnft.js
===================

   Deploying 'TestNFT'
   -------------------
   > transaction hash:    0x428c744100364e04128a72a89de53c8c2aeb2603a11fb005bba3900d0f4bfdce
   > Blocks: 1            Seconds: 12
   > contract address:    0x688D85D8b0e14Bb7cdc866c50C09d2BC3f8f43F1
   > block number:        5980836
   > block timestamp:     1581852881
   > account:             0x21Ea9AAb7b5d74d60919A2B5380ED0349a703445
   > balance:             2.72450388
   > gas used:            2902098
   > gas price:           20 gwei
   > value sent:          0 ETH
   > total cost:          0.05804196 ETH


   > Saving migration to chain.
   > Saving artifacts
   -------------------------------------
   > Total cost:          0.05804196 ETH


Summary
=======
> Total deployments:   2
> Final cost:          0.0625467 ETH


